<?xml version="1.0" encoding="UTF-8"?>
<testsuite name="com.firstProject.springBoot.web.IndexControllerTest" tests="1" skipped="0" failures="0" errors="0" timestamp="2020-07-14T09:38:44" hostname="DESKTOP-3DIF6JH" time="0.175">
  <properties/>
  <testcase name="메인페이지_로딩" classname="com.firstProject.springBoot.web.IndexControllerTest" time="0.175"/>
  <system-out><![CDATA[2020-07-14 18:38:42.073  INFO 19536 --- [    Test worker] .b.t.c.SpringBootTestContextBootstrapper : Neither @ContextConfiguration nor @ContextHierarchy found for test class [com.firstProject.springBoot.web.IndexControllerTest], using SpringBootContextLoader
2020-07-14 18:38:42.074  INFO 19536 --- [    Test worker] o.s.t.c.support.AbstractContextLoader    : Could not detect default resource locations for test class [com.firstProject.springBoot.web.IndexControllerTest]: no resource found for suffixes {-context.xml, Context.groovy}.
2020-07-14 18:38:42.074  INFO 19536 --- [    Test worker] t.c.s.AnnotationConfigContextLoaderUtils : Could not detect default configuration classes for test class [com.firstProject.springBoot.web.IndexControllerTest]: IndexControllerTest does not declare any static, non-private, non-final, nested classes annotated with @Configuration.
2020-07-14 18:38:42.075  INFO 19536 --- [    Test worker] .b.t.c.SpringBootTestContextBootstrapper : Found @SpringBootConfiguration com.firstProject.springBoot.Application for test class com.firstProject.springBoot.web.IndexControllerTest
2020-07-14 18:38:42.076  INFO 19536 --- [    Test worker] .b.t.c.SpringBootTestContextBootstrapper : Loaded default TestExecutionListener class names from location [META-INF/spring.factories]: [org.springframework.security.test.context.support.WithSecurityContextTestExecutionListener, org.springframework.security.test.context.support.ReactorContextTestExecutionListener, org.springframework.boot.test.autoconfigure.restdocs.RestDocsTestExecutionListener, org.springframework.boot.test.autoconfigure.web.client.MockRestServiceServerResetTestExecutionListener, org.springframework.boot.test.autoconfigure.web.servlet.MockMvcPrintOnlyOnFailureTestExecutionListener, org.springframework.boot.test.autoconfigure.web.servlet.WebDriverTestExecutionListener, org.springframework.boot.test.mock.mockito.MockitoTestExecutionListener, org.springframework.boot.test.mock.mockito.ResetMocksTestExecutionListener, org.springframework.test.context.web.ServletTestExecutionListener, org.springframework.test.context.support.DirtiesContextBeforeModesTestExecutionListener, org.springframework.test.context.support.DependencyInjectionTestExecutionListener, org.springframework.test.context.support.DirtiesContextTestExecutionListener, org.springframework.test.context.transaction.TransactionalTestExecutionListener, org.springframework.test.context.jdbc.SqlScriptsTestExecutionListener]
2020-07-14 18:38:42.077  INFO 19536 --- [    Test worker] .b.t.c.SpringBootTestContextBootstrapper : Using TestExecutionListeners: [org.springframework.test.context.web.ServletTestExecutionListener@6fc9b6b6, org.springframework.test.context.support.DirtiesContextBeforeModesTestExecutionListener@52b0d523, org.springframework.boot.test.mock.mockito.MockitoTestExecutionListener@2034e6a, org.springframework.boot.test.autoconfigure.SpringBootDependencyInjectionTestExecutionListener@42672752, org.springframework.test.context.support.DirtiesContextTestExecutionListener@603955ae, org.springframework.test.context.transaction.TransactionalTestExecutionListener@34748d47, org.springframework.test.context.jdbc.SqlScriptsTestExecutionListener@2c9ce5bd, org.springframework.security.test.context.support.WithSecurityContextTestExecutionListener@57ba1acb, org.springframework.security.test.context.support.ReactorContextTestExecutionListener@7d84b1b7, org.springframework.boot.test.autoconfigure.restdocs.RestDocsTestExecutionListener@6d0a15f5, org.springframework.boot.test.autoconfigure.web.client.MockRestServiceServerResetTestExecutionListener@26f0b4e4, org.springframework.boot.test.autoconfigure.web.servlet.MockMvcPrintOnlyOnFailureTestExecutionListener@219b8eb3, org.springframework.boot.test.autoconfigure.web.servlet.WebDriverTestExecutionListener@79ca9a3e, org.springframework.boot.test.mock.mockito.ResetMocksTestExecutionListener@44d29d4f]

  .   ____          _            __ _ _
 /\\ / ___'_ __ _ _(_)_ __  __ _ \ \ \ \
( ( )\___ | '_ | '_| | '_ \/ _` | \ \ \ \
 \\/  ___)| |_)| | | | | || (_| |  ) ) ) )
  '  |____| .__|_| |_|_| |_\__, | / / / /
 =========|_|==============|___/=/_/_/_/
 :: Spring Boot ::        (v2.1.9.RELEASE)

2020-07-14 18:38:42.122  INFO 19536 --- [    Test worker] c.f.springBoot.web.IndexControllerTest   : Starting IndexControllerTest on DESKTOP-3DIF6JH with PID 19536 (started by z7942 in C:\Users\z7942\IdeaProjects\myFirstProjecy)
2020-07-14 18:38:42.122  INFO 19536 --- [    Test worker] c.f.springBoot.web.IndexControllerTest   : No active profile set, falling back to default profiles: default
2020-07-14 18:38:42.325  INFO 19536 --- [    Test worker] .s.d.r.c.RepositoryConfigurationDelegate : Bootstrapping Spring Data repositories in DEFAULT mode.
2020-07-14 18:38:42.372  INFO 19536 --- [    Test worker] .s.d.r.c.RepositoryConfigurationDelegate : Finished Spring Data repository scanning in 47ms. Found 2 repository interfaces.
2020-07-14 18:38:42.535  INFO 19536 --- [    Test worker] trationDelegate$BeanPostProcessorChecker : Bean 'org.springframework.transaction.annotation.ProxyTransactionManagementConfiguration' of type [org.springframework.transaction.annotation.ProxyTransactionManagementConfiguration$$EnhancerBySpringCGLIB$$e12a55a7] is not eligible for getting processed by all BeanPostProcessors (for example: not eligible for auto-proxying)
2020-07-14 18:38:42.899  INFO 19536 --- [    Test worker] o.s.b.w.embedded.tomcat.TomcatWebServer  : Tomcat initialized with port(s): 0 (http)
2020-07-14 18:38:42.934  INFO 19536 --- [    Test worker] o.apache.catalina.core.StandardService   : Starting service [Tomcat]
2020-07-14 18:38:42.934  INFO 19536 --- [    Test worker] org.apache.catalina.core.StandardEngine  : Starting Servlet engine: [Apache Tomcat/9.0.26]
2020-07-14 18:38:43.131  INFO 19536 --- [    Test worker] o.a.c.c.C.[Tomcat].[localhost].[/]       : Initializing Spring embedded WebApplicationContext
2020-07-14 18:38:43.131  INFO 19536 --- [    Test worker] o.s.web.context.ContextLoader            : Root WebApplicationContext: initialization completed in 1006 ms
2020-07-14 18:38:43.337  INFO 19536 --- [    Test worker] com.zaxxer.hikari.HikariDataSource       : HikariPool-2 - Starting...
2020-07-14 18:38:43.338  INFO 19536 --- [    Test worker] com.zaxxer.hikari.HikariDataSource       : HikariPool-2 - Start completed.
2020-07-14 18:38:43.385  INFO 19536 --- [    Test worker] o.hibernate.jpa.internal.util.LogHelper  : HHH000204: Processing PersistenceUnitInfo [
	name: default
	...]
2020-07-14 18:38:43.399  INFO 19536 --- [    Test worker] org.hibernate.dialect.Dialect            : HHH000400: Using dialect: org.hibernate.dialect.MySQL5InnoDBDialect
Hibernate: drop table if exists posts
Hibernate: drop table if exists user
Hibernate: create table posts (id bigint not null auto_increment, created_date datetime, modified_date datetime, author varchar(255), content TEXT not null, title varchar(500) not null, primary key (id)) engine=InnoDB
Hibernate: create table user (id bigint not null auto_increment, created_date datetime, modified_date datetime, email varchar(255) not null, name varchar(255) not null, picture varchar(255), role varchar(255) not null, primary key (id)) engine=InnoDB
2020-07-14 18:38:43.464  INFO 19536 --- [    Test worker] o.h.t.schema.internal.SchemaCreatorImpl  : HHH000476: Executing import script 'org.hibernate.tool.schema.internal.exec.ScriptSourceInputNonExistentImpl@5eb269ac'
2020-07-14 18:38:43.464  INFO 19536 --- [    Test worker] j.LocalContainerEntityManagerFactoryBean : Initialized JPA EntityManagerFactory for persistence unit 'default'
2020-07-14 18:38:43.830  INFO 19536 --- [    Test worker] o.h.h.i.QueryTranslatorFactoryInitiator  : HHH000397: Using ASTQueryTranslatorFactory
2020-07-14 18:38:44.058  INFO 19536 --- [    Test worker] o.s.s.web.DefaultSecurityFilterChain     : Creating filter chain: any request, [org.springframework.security.web.context.request.async.WebAsyncManagerIntegrationFilter@506f889d, org.springframework.security.web.context.SecurityContextPersistenceFilter@68a194cb, org.springframework.security.web.header.HeaderWriterFilter@6138ee80, org.springframework.security.web.authentication.logout.LogoutFilter@25eb3e3e, org.springframework.security.oauth2.client.web.OAuth2AuthorizationRequestRedirectFilter@c9c745d, org.springframework.security.oauth2.client.web.OAuth2LoginAuthenticationFilter@1442eb7a, org.springframework.security.web.authentication.ui.DefaultLoginPageGeneratingFilter@4188ed08, org.springframework.security.web.authentication.ui.DefaultLogoutPageGeneratingFilter@40c7dfd5, org.springframework.security.web.savedrequest.RequestCacheAwareFilter@7fa0afc4, org.springframework.security.web.servletapi.SecurityContextHolderAwareRequestFilter@59ca025e, org.springframework.security.web.authentication.AnonymousAuthenticationFilter@2f16650c, org.springframework.security.web.session.SessionManagementFilter@5d68b651, org.springframework.security.web.access.ExceptionTranslationFilter@28d7f83b, org.springframework.security.web.access.intercept.FilterSecurityInterceptor@1b116520]
2020-07-14 18:38:44.295  INFO 19536 --- [    Test worker] o.s.s.concurrent.ThreadPoolTaskExecutor  : Initializing ExecutorService 'applicationTaskExecutor'
2020-07-14 18:38:44.309  WARN 19536 --- [    Test worker] aWebConfiguration$JpaWebMvcConfiguration : spring.jpa.open-in-view is enabled by default. Therefore, database queries may be performed during view rendering. Explicitly configure spring.jpa.open-in-view to disable this warning
2020-07-14 18:38:44.338  INFO 19536 --- [    Test worker] o.s.b.a.w.s.WelcomePageHandlerMapping    : Adding welcome page template: index
2020-07-14 18:38:44.628  INFO 19536 --- [    Test worker] s.a.ScheduledAnnotationBeanPostProcessor : No TaskScheduler/ScheduledExecutorService bean found for scheduled processing
2020-07-14 18:38:44.646  INFO 19536 --- [    Test worker] o.s.b.w.embedded.tomcat.TomcatWebServer  : Tomcat started on port(s): 51877 (http) with context path ''
2020-07-14 18:38:44.647  INFO 19536 --- [    Test worker] c.f.springBoot.web.IndexControllerTest   : Started IndexControllerTest in 2.569 seconds (JVM running for 11.644)
2020-07-14 18:38:44.736  INFO 19536 --- [o-auto-1-exec-1] o.a.c.c.C.[Tomcat].[localhost].[/]       : Initializing Spring DispatcherServlet 'dispatcherServlet'
2020-07-14 18:38:44.736  INFO 19536 --- [o-auto-1-exec-1] o.s.web.servlet.DispatcherServlet        : Initializing Servlet 'dispatcherServlet'
2020-07-14 18:38:44.759  INFO 19536 --- [o-auto-1-exec-1] o.s.web.servlet.DispatcherServlet        : Completed initialization in 23 ms
Hibernate: select posts0_.id as id1_0_, posts0_.created_date as created_2_0_, posts0_.modified_date as modified3_0_, posts0_.author as author4_0_, posts0_.content as content5_0_, posts0_.title as title6_0_ from posts posts0_ order by posts0_.id DESC
]]></system-out>
  <system-err><![CDATA[]]></system-err>
</testsuite>
