<?xml version="1.0" encoding="UTF-8"?>
<testsuite name="com.firstProject.springBoot.web.domain.posts.PostsRepositoryTest" tests="2" skipped="0" failures="0" errors="0" timestamp="2020-08-28T08:51:37" hostname="DESKTOP-3DIF6JH" time="0.26">
  <properties/>
  <testcase name="게시글저장_불러오기" classname="com.firstProject.springBoot.web.domain.posts.PostsRepositoryTest" time="0.25"/>
  <testcase name="BaseTimeEntity_등록" classname="com.firstProject.springBoot.web.domain.posts.PostsRepositoryTest" time="0.01"/>
  <system-out><![CDATA[17:51:31.523 [Test worker] DEBUG org.springframework.test.context.junit4.SpringJUnit4ClassRunner - SpringJUnit4ClassRunner constructor called with [class com.firstProject.springBoot.web.domain.posts.PostsRepositoryTest]
17:51:31.533 [Test worker] DEBUG org.springframework.test.context.BootstrapUtils - Instantiating CacheAwareContextLoaderDelegate from class [org.springframework.test.context.cache.DefaultCacheAwareContextLoaderDelegate]
17:51:31.547 [Test worker] DEBUG org.springframework.test.context.BootstrapUtils - Instantiating BootstrapContext using constructor [public org.springframework.test.context.support.DefaultBootstrapContext(java.lang.Class,org.springframework.test.context.CacheAwareContextLoaderDelegate)]
17:51:31.569 [Test worker] DEBUG org.springframework.test.context.BootstrapUtils - Instantiating TestContextBootstrapper for test class [com.firstProject.springBoot.web.domain.posts.PostsRepositoryTest] from class [org.springframework.boot.test.context.SpringBootTestContextBootstrapper]
17:51:31.587 [Test worker] INFO org.springframework.boot.test.context.SpringBootTestContextBootstrapper - Neither @ContextConfiguration nor @ContextHierarchy found for test class [com.firstProject.springBoot.web.domain.posts.PostsRepositoryTest], using SpringBootContextLoader
17:51:31.592 [Test worker] DEBUG org.springframework.test.context.support.AbstractContextLoader - Did not detect default resource location for test class [com.firstProject.springBoot.web.domain.posts.PostsRepositoryTest]: class path resource [com/firstProject/springBoot/web/domain/posts/PostsRepositoryTest-context.xml] does not exist
17:51:31.593 [Test worker] DEBUG org.springframework.test.context.support.AbstractContextLoader - Did not detect default resource location for test class [com.firstProject.springBoot.web.domain.posts.PostsRepositoryTest]: class path resource [com/firstProject/springBoot/web/domain/posts/PostsRepositoryTestContext.groovy] does not exist
17:51:31.594 [Test worker] INFO org.springframework.test.context.support.AbstractContextLoader - Could not detect default resource locations for test class [com.firstProject.springBoot.web.domain.posts.PostsRepositoryTest]: no resource found for suffixes {-context.xml, Context.groovy}.
17:51:31.595 [Test worker] INFO org.springframework.test.context.support.AnnotationConfigContextLoaderUtils - Could not detect default configuration classes for test class [com.firstProject.springBoot.web.domain.posts.PostsRepositoryTest]: PostsRepositoryTest does not declare any static, non-private, non-final, nested classes annotated with @Configuration.
17:51:31.656 [Test worker] DEBUG org.springframework.test.context.support.ActiveProfilesUtils - Could not find an 'annotation declaring class' for annotation type [org.springframework.test.context.ActiveProfiles] and class [com.firstProject.springBoot.web.domain.posts.PostsRepositoryTest]
17:51:31.776 [Test worker] DEBUG org.springframework.context.annotation.ClassPathScanningCandidateComponentProvider - Identified candidate component class: file [C:\Users\z7942\IdeaProjects\myFirstProjecy\build\classes\java\main\com\firstProject\springBoot\Application.class]
17:51:31.778 [Test worker] INFO org.springframework.boot.test.context.SpringBootTestContextBootstrapper - Found @SpringBootConfiguration com.firstProject.springBoot.Application for test class com.firstProject.springBoot.web.domain.posts.PostsRepositoryTest
17:51:31.910 [Test worker] DEBUG org.springframework.boot.test.context.SpringBootTestContextBootstrapper - @TestExecutionListeners is not present for class [com.firstProject.springBoot.web.domain.posts.PostsRepositoryTest]: using defaults.
17:51:31.911 [Test worker] INFO org.springframework.boot.test.context.SpringBootTestContextBootstrapper - Loaded default TestExecutionListener class names from location [META-INF/spring.factories]: [org.springframework.security.test.context.support.WithSecurityContextTestExecutionListener, org.springframework.security.test.context.support.ReactorContextTestExecutionListener, org.springframework.boot.test.autoconfigure.restdocs.RestDocsTestExecutionListener, org.springframework.boot.test.autoconfigure.web.client.MockRestServiceServerResetTestExecutionListener, org.springframework.boot.test.autoconfigure.web.servlet.MockMvcPrintOnlyOnFailureTestExecutionListener, org.springframework.boot.test.autoconfigure.web.servlet.WebDriverTestExecutionListener, org.springframework.boot.test.mock.mockito.MockitoTestExecutionListener, org.springframework.boot.test.mock.mockito.ResetMocksTestExecutionListener, org.springframework.test.context.web.ServletTestExecutionListener, org.springframework.test.context.support.DirtiesContextBeforeModesTestExecutionListener, org.springframework.test.context.support.DependencyInjectionTestExecutionListener, org.springframework.test.context.support.DirtiesContextTestExecutionListener, org.springframework.test.context.transaction.TransactionalTestExecutionListener, org.springframework.test.context.jdbc.SqlScriptsTestExecutionListener]
17:51:31.939 [Test worker] INFO org.springframework.boot.test.context.SpringBootTestContextBootstrapper - Using TestExecutionListeners: [org.springframework.test.context.web.ServletTestExecutionListener@65f76bc8, org.springframework.test.context.support.DirtiesContextBeforeModesTestExecutionListener@75c538be, org.springframework.boot.test.mock.mockito.MockitoTestExecutionListener@2a68a0cf, org.springframework.boot.test.autoconfigure.SpringBootDependencyInjectionTestExecutionListener@3d812618, org.springframework.test.context.support.DirtiesContextTestExecutionListener@63f6b34b, org.springframework.test.context.transaction.TransactionalTestExecutionListener@3f2a7743, org.springframework.test.context.jdbc.SqlScriptsTestExecutionListener@50abd6b1, org.springframework.security.test.context.support.WithSecurityContextTestExecutionListener@64ae8b5a, org.springframework.security.test.context.support.ReactorContextTestExecutionListener@3214106f, org.springframework.boot.test.autoconfigure.restdocs.RestDocsTestExecutionListener@5e68e901, org.springframework.boot.test.autoconfigure.web.client.MockRestServiceServerResetTestExecutionListener@5078b223, org.springframework.boot.test.autoconfigure.web.servlet.MockMvcPrintOnlyOnFailureTestExecutionListener@401c072d, org.springframework.boot.test.autoconfigure.web.servlet.WebDriverTestExecutionListener@5219f029, org.springframework.boot.test.mock.mockito.ResetMocksTestExecutionListener@4ba02b8a]
17:51:31.942 [Test worker] DEBUG org.springframework.test.annotation.ProfileValueUtils - Retrieved @ProfileValueSourceConfiguration [null] for test class [com.firstProject.springBoot.web.domain.posts.PostsRepositoryTest]
17:51:31.943 [Test worker] DEBUG org.springframework.test.annotation.ProfileValueUtils - Retrieved ProfileValueSource type [class org.springframework.test.annotation.SystemProfileValueSource] for class [com.firstProject.springBoot.web.domain.posts.PostsRepositoryTest]
17:51:31.944 [Test worker] DEBUG org.springframework.test.annotation.ProfileValueUtils - Retrieved @ProfileValueSourceConfiguration [null] for test class [com.firstProject.springBoot.web.domain.posts.PostsRepositoryTest]
17:51:31.945 [Test worker] DEBUG org.springframework.test.annotation.ProfileValueUtils - Retrieved ProfileValueSource type [class org.springframework.test.annotation.SystemProfileValueSource] for class [com.firstProject.springBoot.web.domain.posts.PostsRepositoryTest]
17:51:31.945 [Test worker] DEBUG org.springframework.test.annotation.ProfileValueUtils - Retrieved @ProfileValueSourceConfiguration [null] for test class [com.firstProject.springBoot.web.domain.posts.PostsRepositoryTest]
17:51:31.945 [Test worker] DEBUG org.springframework.test.annotation.ProfileValueUtils - Retrieved ProfileValueSource type [class org.springframework.test.annotation.SystemProfileValueSource] for class [com.firstProject.springBoot.web.domain.posts.PostsRepositoryTest]
17:51:31.951 [Test worker] DEBUG org.springframework.test.context.support.AbstractDirtiesContextTestExecutionListener - Before test class: context [DefaultTestContext@69cf0b7d testClass = PostsRepositoryTest, testInstance = [null], testMethod = [null], testException = [null], mergedContextConfiguration = [WebMergedContextConfiguration@13888c99 testClass = PostsRepositoryTest, locations = '{}', classes = '{class com.firstProject.springBoot.Application}', contextInitializerClasses = '[]', activeProfiles = '{}', propertySourceLocations = '{}', propertySourceProperties = '{org.springframework.boot.test.context.SpringBootTestContextBootstrapper=true}', contextCustomizers = set[org.springframework.boot.test.autoconfigure.properties.PropertyMappingContextCustomizer@0, org.springframework.boot.test.autoconfigure.web.servlet.WebDriverContextCustomizerFactory$Customizer@290216b6, org.springframework.boot.test.context.filter.ExcludeFilterContextCustomizer@57a88903, org.springframework.boot.test.json.DuplicateJsonObjectContextCustomizerFactory$DuplicateJsonObjectContextCustomizer@2d01bf8b, org.springframework.boot.test.mock.mockito.MockitoContextCustomizer@0, org.springframework.boot.test.web.client.TestRestTemplateContextCustomizer@51735d8c], resourceBasePath = 'src/main/webapp', contextLoader = 'org.springframework.boot.test.context.SpringBootContextLoader', parent = [null]], attributes = map['org.springframework.test.context.web.ServletTestExecutionListener.activateListener' -> true]], class annotated with @DirtiesContext [false] with mode [null].
17:51:31.952 [Test worker] DEBUG org.springframework.test.annotation.ProfileValueUtils - Retrieved @ProfileValueSourceConfiguration [null] for test class [com.firstProject.springBoot.web.domain.posts.PostsRepositoryTest]
17:51:31.952 [Test worker] DEBUG org.springframework.test.annotation.ProfileValueUtils - Retrieved ProfileValueSource type [class org.springframework.test.annotation.SystemProfileValueSource] for class [com.firstProject.springBoot.web.domain.posts.PostsRepositoryTest]
17:51:31.975 [Test worker] DEBUG org.springframework.test.context.support.TestPropertySourceUtils - Adding inlined properties to environment: {spring.jmx.enabled=false, org.springframework.boot.test.context.SpringBootTestContextBootstrapper=true, server.port=-1}

  .   ____          _            __ _ _
 /\\ / ___'_ __ _ _(_)_ __  __ _ \ \ \ \
( ( )\___ | '_ | '_| | '_ \/ _` | \ \ \ \
 \\/  ___)| |_)| | | | | || (_| |  ) ) ) )
  '  |____| .__|_| |_|_| |_\__, | / / / /
 =========|_|==============|___/=/_/_/_/
 :: Spring Boot ::        (v2.1.9.RELEASE)

2020-08-28 17:51:32.233  INFO 17532 --- [    Test worker] c.f.s.w.d.posts.PostsRepositoryTest      : Starting PostsRepositoryTest on DESKTOP-3DIF6JH with PID 17532 (started by z7942 in C:\Users\z7942\IdeaProjects\myFirstProjecy)
2020-08-28 17:51:32.234  INFO 17532 --- [    Test worker] c.f.s.w.d.posts.PostsRepositoryTest      : No active profile set, falling back to default profiles: default
2020-08-28 17:51:33.042  INFO 17532 --- [    Test worker] .s.d.r.c.RepositoryConfigurationDelegate : Bootstrapping Spring Data repositories in DEFAULT mode.
2020-08-28 17:51:33.130  INFO 17532 --- [    Test worker] .s.d.r.c.RepositoryConfigurationDelegate : Finished Spring Data repository scanning in 79ms. Found 2 repository interfaces.
2020-08-28 17:51:33.590  INFO 17532 --- [    Test worker] trationDelegate$BeanPostProcessorChecker : Bean 'org.springframework.transaction.annotation.ProxyTransactionManagementConfiguration' of type [org.springframework.transaction.annotation.ProxyTransactionManagementConfiguration$$EnhancerBySpringCGLIB$$d8d75082] is not eligible for getting processed by all BeanPostProcessors (for example: not eligible for auto-proxying)
2020-08-28 17:51:33.819  INFO 17532 --- [    Test worker] com.zaxxer.hikari.HikariDataSource       : HikariPool-1 - Starting...
2020-08-28 17:51:33.998  INFO 17532 --- [    Test worker] com.zaxxer.hikari.HikariDataSource       : HikariPool-1 - Start completed.
2020-08-28 17:51:34.092  INFO 17532 --- [    Test worker] o.hibernate.jpa.internal.util.LogHelper  : HHH000204: Processing PersistenceUnitInfo [
	name: default
	...]
2020-08-28 17:51:34.181  INFO 17532 --- [    Test worker] org.hibernate.Version                    : HHH000412: Hibernate Core {5.3.12.Final}
2020-08-28 17:51:34.183  INFO 17532 --- [    Test worker] org.hibernate.cfg.Environment            : HHH000206: hibernate.properties not found
2020-08-28 17:51:34.381  INFO 17532 --- [    Test worker] o.hibernate.annotations.common.Version   : HCANN000001: Hibernate Commons Annotations {5.0.4.Final}
2020-08-28 17:51:34.578  INFO 17532 --- [    Test worker] org.hibernate.dialect.Dialect            : HHH000400: Using dialect: org.hibernate.dialect.MySQL5InnoDBDialect
Hibernate: drop table if exists posts
Hibernate: drop table if exists user
Hibernate: create table posts (id bigint not null auto_increment, created_date datetime, modified_date datetime, author varchar(255), content TEXT not null, title varchar(500) not null, primary key (id)) engine=InnoDB
Hibernate: create table user (id bigint not null auto_increment, created_date datetime, modified_date datetime, email varchar(255) not null, name varchar(255) not null, picture varchar(255), role varchar(255) not null, primary key (id)) engine=InnoDB
2020-08-28 17:51:35.418  INFO 17532 --- [    Test worker] o.h.t.schema.internal.SchemaCreatorImpl  : HHH000476: Executing import script 'org.hibernate.tool.schema.internal.exec.ScriptSourceInputNonExistentImpl@1d24c736'
2020-08-28 17:51:35.422  INFO 17532 --- [    Test worker] j.LocalContainerEntityManagerFactoryBean : Initialized JPA EntityManagerFactory for persistence unit 'default'
2020-08-28 17:51:35.985  INFO 17532 --- [    Test worker] o.h.h.i.QueryTranslatorFactoryInitiator  : HHH000397: Using ASTQueryTranslatorFactory
2020-08-28 17:51:36.627  INFO 17532 --- [    Test worker] o.s.s.web.DefaultSecurityFilterChain     : Creating filter chain: any request, [org.springframework.security.web.context.request.async.WebAsyncManagerIntegrationFilter@3d5caeb3, org.springframework.security.web.context.SecurityContextPersistenceFilter@5da1dd53, org.springframework.security.web.header.HeaderWriterFilter@3fb7288c, org.springframework.security.web.authentication.logout.LogoutFilter@52b7d4a0, org.springframework.security.oauth2.client.web.OAuth2AuthorizationRequestRedirectFilter@6d6b7976, org.springframework.security.oauth2.client.web.OAuth2LoginAuthenticationFilter@66f6c9cf, org.springframework.security.web.authentication.ui.DefaultLoginPageGeneratingFilter@d84de34, org.springframework.security.web.authentication.ui.DefaultLogoutPageGeneratingFilter@6aa8e989, org.springframework.security.web.savedrequest.RequestCacheAwareFilter@4b44977, org.springframework.security.web.servletapi.SecurityContextHolderAwareRequestFilter@1cade9ef, org.springframework.security.web.authentication.AnonymousAuthenticationFilter@747ebbb9, org.springframework.security.web.session.SessionManagementFilter@7cf5cee7, org.springframework.security.web.access.ExceptionTranslationFilter@68ddb07e, org.springframework.security.web.access.intercept.FilterSecurityInterceptor@17027d5f]
2020-08-28 17:51:37.261  INFO 17532 --- [    Test worker] o.s.s.concurrent.ThreadPoolTaskExecutor  : Initializing ExecutorService 'applicationTaskExecutor'
2020-08-28 17:51:37.327  WARN 17532 --- [    Test worker] aWebConfiguration$JpaWebMvcConfiguration : spring.jpa.open-in-view is enabled by default. Therefore, database queries may be performed during view rendering. Explicitly configure spring.jpa.open-in-view to disable this warning
2020-08-28 17:51:37.386  INFO 17532 --- [    Test worker] o.s.b.a.w.s.WelcomePageHandlerMapping    : Adding welcome page template: index
2020-08-28 17:51:37.966  INFO 17532 --- [    Test worker] s.a.ScheduledAnnotationBeanPostProcessor : No TaskScheduler/ScheduledExecutorService bean found for scheduled processing
2020-08-28 17:51:37.975  INFO 17532 --- [    Test worker] c.f.s.w.d.posts.PostsRepositoryTest      : Started PostsRepositoryTest in 5.991 seconds (JVM running for 7.76)
Hibernate: insert into posts (created_date, modified_date, author, content, title) values (?, ?, ?, ?, ?)
Hibernate: select posts0_.id as id1_0_, posts0_.created_date as created_2_0_, posts0_.modified_date as modified3_0_, posts0_.author as author4_0_, posts0_.content as content5_0_, posts0_.title as title6_0_ from posts posts0_
Hibernate: select posts0_.id as id1_0_, posts0_.created_date as created_2_0_, posts0_.modified_date as modified3_0_, posts0_.author as author4_0_, posts0_.content as content5_0_, posts0_.title as title6_0_ from posts posts0_
Hibernate: delete from posts where id=?
Hibernate: insert into posts (created_date, modified_date, author, content, title) values (?, ?, ?, ?, ?)
Hibernate: select posts0_.id as id1_0_, posts0_.created_date as created_2_0_, posts0_.modified_date as modified3_0_, posts0_.author as author4_0_, posts0_.content as content5_0_, posts0_.title as title6_0_ from posts posts0_
>>>>>>>>>> create = 2020-08-28T17:51:38.246, modifiedDate = 2020-08-28T17:51:38.246
Hibernate: select posts0_.id as id1_0_, posts0_.created_date as created_2_0_, posts0_.modified_date as modified3_0_, posts0_.author as author4_0_, posts0_.content as content5_0_, posts0_.title as title6_0_ from posts posts0_
Hibernate: delete from posts where id=?
]]></system-out>
  <system-err><![CDATA[]]></system-err>
</testsuite>
