<?xml version="1.0" encoding="UTF-8"?>
<testsuite name="com.firstProject.springBoot.web.HelloControllerTest" tests="2" skipped="0" failures="0" errors="0" timestamp="2020-07-14T09:38:41" hostname="DESKTOP-3DIF6JH" time="0.141">
  <properties/>
  <testcase name="hello가_리턴된다" classname="com.firstProject.springBoot.web.HelloControllerTest" time="0.062"/>
  <testcase name="helloDto가_리턴된다" classname="com.firstProject.springBoot.web.HelloControllerTest" time="0.078"/>
  <system-out><![CDATA[2020-07-14 18:38:40.952  INFO 19536 --- [    Test worker] .b.t.a.w.s.WebMvcTestContextBootstrapper : Neither @ContextConfiguration nor @ContextHierarchy found for test class [com.firstProject.springBoot.web.HelloControllerTest], using SpringBootContextLoader
2020-07-14 18:38:40.953  INFO 19536 --- [    Test worker] o.s.t.c.support.AbstractContextLoader    : Could not detect default resource locations for test class [com.firstProject.springBoot.web.HelloControllerTest]: no resource found for suffixes {-context.xml, Context.groovy}.
2020-07-14 18:38:40.953  INFO 19536 --- [    Test worker] t.c.s.AnnotationConfigContextLoaderUtils : Could not detect default configuration classes for test class [com.firstProject.springBoot.web.HelloControllerTest]: HelloControllerTest does not declare any static, non-private, non-final, nested classes annotated with @Configuration.
2020-07-14 18:38:40.976  INFO 19536 --- [    Test worker] .b.t.c.SpringBootTestContextBootstrapper : Found @SpringBootConfiguration com.firstProject.springBoot.Application for test class com.firstProject.springBoot.web.HelloControllerTest
2020-07-14 18:38:40.977  INFO 19536 --- [    Test worker] .b.t.a.w.s.WebMvcTestContextBootstrapper : Loaded default TestExecutionListener class names from location [META-INF/spring.factories]: [org.springframework.security.test.context.support.WithSecurityContextTestExecutionListener, org.springframework.security.test.context.support.ReactorContextTestExecutionListener, org.springframework.boot.test.autoconfigure.restdocs.RestDocsTestExecutionListener, org.springframework.boot.test.autoconfigure.web.client.MockRestServiceServerResetTestExecutionListener, org.springframework.boot.test.autoconfigure.web.servlet.MockMvcPrintOnlyOnFailureTestExecutionListener, org.springframework.boot.test.autoconfigure.web.servlet.WebDriverTestExecutionListener, org.springframework.boot.test.mock.mockito.MockitoTestExecutionListener, org.springframework.boot.test.mock.mockito.ResetMocksTestExecutionListener, org.springframework.test.context.web.ServletTestExecutionListener, org.springframework.test.context.support.DirtiesContextBeforeModesTestExecutionListener, org.springframework.test.context.support.DependencyInjectionTestExecutionListener, org.springframework.test.context.support.DirtiesContextTestExecutionListener, org.springframework.test.context.transaction.TransactionalTestExecutionListener, org.springframework.test.context.jdbc.SqlScriptsTestExecutionListener]
2020-07-14 18:38:40.978  INFO 19536 --- [    Test worker] .b.t.a.w.s.WebMvcTestContextBootstrapper : Using TestExecutionListeners: [org.springframework.test.context.web.ServletTestExecutionListener@7844c6b0, org.springframework.test.context.support.DirtiesContextBeforeModesTestExecutionListener@ace70e8, org.springframework.boot.test.mock.mockito.MockitoTestExecutionListener@61e63e22, org.springframework.boot.test.autoconfigure.SpringBootDependencyInjectionTestExecutionListener@276c18e1, org.springframework.test.context.support.DirtiesContextTestExecutionListener@79c32bfa, org.springframework.test.context.transaction.TransactionalTestExecutionListener@734d1a, org.springframework.test.context.jdbc.SqlScriptsTestExecutionListener@50b47418, org.springframework.security.test.context.support.WithSecurityContextTestExecutionListener@1758d5ff, org.springframework.security.test.context.support.ReactorContextTestExecutionListener@7724a015, org.springframework.boot.test.autoconfigure.restdocs.RestDocsTestExecutionListener@6da52876, org.springframework.boot.test.autoconfigure.web.client.MockRestServiceServerResetTestExecutionListener@1ec2956e, org.springframework.boot.test.autoconfigure.web.servlet.MockMvcPrintOnlyOnFailureTestExecutionListener@4f645c64, org.springframework.boot.test.autoconfigure.web.servlet.WebDriverTestExecutionListener@1d126995, org.springframework.boot.test.mock.mockito.ResetMocksTestExecutionListener@593004d9]

  .   ____          _            __ _ _
 /\\ / ___'_ __ _ _(_)_ __  __ _ \ \ \ \
( ( )\___ | '_ | '_| | '_ \/ _` | \ \ \ \
 \\/  ___)| |_)| | | | | || (_| |  ) ) ) )
  '  |____| .__|_| |_|_| |_\__, | / / / /
 =========|_|==============|___/=/_/_/_/
 :: Spring Boot ::        (v2.1.9.RELEASE)

2020-07-14 18:38:41.013  INFO 19536 --- [    Test worker] c.f.springBoot.web.HelloControllerTest   : Starting HelloControllerTest on DESKTOP-3DIF6JH with PID 19536 (started by z7942 in C:\Users\z7942\IdeaProjects\myFirstProjecy)
2020-07-14 18:38:41.015  INFO 19536 --- [    Test worker] c.f.springBoot.web.HelloControllerTest   : No active profile set, falling back to default profiles: default
2020-07-14 18:38:41.446  INFO 19536 --- [    Test worker] o.s.s.concurrent.ThreadPoolTaskExecutor  : Initializing ExecutorService 'applicationTaskExecutor'
2020-07-14 18:38:41.480  INFO 19536 --- [    Test worker] o.s.b.a.w.s.WelcomePageHandlerMapping    : Adding welcome page template: index
2020-07-14 18:38:41.701  INFO 19536 --- [    Test worker] .s.s.UserDetailsServiceAutoConfiguration : 

Using generated security password: c147a7f6-24ba-4fab-ab01-6c28e602f2ba

2020-07-14 18:38:41.849  INFO 19536 --- [    Test worker] o.s.s.web.DefaultSecurityFilterChain     : Creating filter chain: any request, [org.springframework.security.web.context.request.async.WebAsyncManagerIntegrationFilter@38abbd16, org.springframework.security.web.context.SecurityContextPersistenceFilter@715e8a21, org.springframework.security.web.header.HeaderWriterFilter@d2bdfa, org.springframework.security.web.csrf.CsrfFilter@76116e40, org.springframework.security.web.authentication.logout.LogoutFilter@416f5ad8, org.springframework.security.web.authentication.UsernamePasswordAuthenticationFilter@2ac2a7c9, org.springframework.security.web.authentication.ui.DefaultLoginPageGeneratingFilter@1300fdb3, org.springframework.security.web.authentication.ui.DefaultLogoutPageGeneratingFilter@54e7b41f, org.springframework.security.web.authentication.www.BasicAuthenticationFilter@7a16253e, org.springframework.security.web.savedrequest.RequestCacheAwareFilter@1e7ab59f, org.springframework.security.web.servletapi.SecurityContextHolderAwareRequestFilter@b52e6c7, org.springframework.security.web.authentication.AnonymousAuthenticationFilter@1f934468, org.springframework.security.web.session.SessionManagementFilter@7dcca0ce, org.springframework.security.web.access.ExceptionTranslationFilter@f5c02ef, org.springframework.security.web.access.intercept.FilterSecurityInterceptor@4966bb04]
2020-07-14 18:38:41.884  INFO 19536 --- [    Test worker] o.s.b.t.m.w.SpringBootMockServletContext : Initializing Spring TestDispatcherServlet ''
2020-07-14 18:38:41.884  INFO 19536 --- [    Test worker] o.s.t.web.servlet.TestDispatcherServlet  : Initializing Servlet ''
2020-07-14 18:38:41.898  INFO 19536 --- [    Test worker] o.s.t.web.servlet.TestDispatcherServlet  : Completed initialization in 14 ms
2020-07-14 18:38:41.927  INFO 19536 --- [    Test worker] c.f.springBoot.web.HelloControllerTest   : Started HelloControllerTest in 0.947 seconds (JVM running for 8.923)
]]></system-out>
  <system-err><![CDATA[]]></system-err>
</testsuite>
