<?xml version="1.0" encoding="UTF-8"?>
<testsuite name="com.firstProject.springBoot.web.dto.HelloRespoonseDtoTset" tests="1" skipped="0" failures="0" errors="0" timestamp="2020-07-14T09:38:40" hostname="DESKTOP-3DIF6JH" time="0.002">
  <properties/>
  <testcase name="롬복_기능_테스트" classname="com.firstProject.springBoot.web.dto.HelloRespoonseDtoTset" time="0.002"/>
  <system-out><![CDATA[]]></system-out>
  <system-err><![CDATA[]]></system-err>
</testsuite>
