<?xml version="1.0" encoding="UTF-8"?>
<testsuite name="com.firstProject.springBoot.web.domain.posts.PostsRepositoryTest" tests="2" skipped="0" failures="0" errors="0" timestamp="2020-09-01T07:09:19" hostname="DESKTOP-3DIF6JH" time="0.357">
  <properties/>
  <testcase name="게시글저장_불러오기" classname="com.firstProject.springBoot.web.domain.posts.PostsRepositoryTest" time="0.347"/>
  <testcase name="BaseTimeEntity_등록" classname="com.firstProject.springBoot.web.domain.posts.PostsRepositoryTest" time="0.009"/>
  <system-out><![CDATA[16:09:11.831 [Test worker] DEBUG org.springframework.test.context.junit4.SpringJUnit4ClassRunner - SpringJUnit4ClassRunner constructor called with [class com.firstProject.springBoot.web.domain.posts.PostsRepositoryTest]
16:09:11.839 [Test worker] DEBUG org.springframework.test.context.BootstrapUtils - Instantiating CacheAwareContextLoaderDelegate from class [org.springframework.test.context.cache.DefaultCacheAwareContextLoaderDelegate]
16:09:11.849 [Test worker] DEBUG org.springframework.test.context.BootstrapUtils - Instantiating BootstrapContext using constructor [public org.springframework.test.context.support.DefaultBootstrapContext(java.lang.Class,org.springframework.test.context.CacheAwareContextLoaderDelegate)]
16:09:11.869 [Test worker] DEBUG org.springframework.test.context.BootstrapUtils - Instantiating TestContextBootstrapper for test class [com.firstProject.springBoot.web.domain.posts.PostsRepositoryTest] from class [org.springframework.boot.test.context.SpringBootTestContextBootstrapper]
16:09:11.886 [Test worker] INFO org.springframework.boot.test.context.SpringBootTestContextBootstrapper - Neither @ContextConfiguration nor @ContextHierarchy found for test class [com.firstProject.springBoot.web.domain.posts.PostsRepositoryTest], using SpringBootContextLoader
16:09:11.890 [Test worker] DEBUG org.springframework.test.context.support.AbstractContextLoader - Did not detect default resource location for test class [com.firstProject.springBoot.web.domain.posts.PostsRepositoryTest]: class path resource [com/firstProject/springBoot/web/domain/posts/PostsRepositoryTest-context.xml] does not exist
16:09:11.891 [Test worker] DEBUG org.springframework.test.context.support.AbstractContextLoader - Did not detect default resource location for test class [com.firstProject.springBoot.web.domain.posts.PostsRepositoryTest]: class path resource [com/firstProject/springBoot/web/domain/posts/PostsRepositoryTestContext.groovy] does not exist
16:09:11.891 [Test worker] INFO org.springframework.test.context.support.AbstractContextLoader - Could not detect default resource locations for test class [com.firstProject.springBoot.web.domain.posts.PostsRepositoryTest]: no resource found for suffixes {-context.xml, Context.groovy}.
16:09:11.892 [Test worker] INFO org.springframework.test.context.support.AnnotationConfigContextLoaderUtils - Could not detect default configuration classes for test class [com.firstProject.springBoot.web.domain.posts.PostsRepositoryTest]: PostsRepositoryTest does not declare any static, non-private, non-final, nested classes annotated with @Configuration.
16:09:11.943 [Test worker] DEBUG org.springframework.test.context.support.ActiveProfilesUtils - Could not find an 'annotation declaring class' for annotation type [org.springframework.test.context.ActiveProfiles] and class [com.firstProject.springBoot.web.domain.posts.PostsRepositoryTest]
16:09:12.052 [Test worker] DEBUG org.springframework.context.annotation.ClassPathScanningCandidateComponentProvider - Identified candidate component class: file [C:\Users\z7942\IdeaProjects\myFirstProjecy\build\classes\java\main\com\firstProject\springBoot\Application.class]
16:09:12.054 [Test worker] INFO org.springframework.boot.test.context.SpringBootTestContextBootstrapper - Found @SpringBootConfiguration com.firstProject.springBoot.Application for test class com.firstProject.springBoot.web.domain.posts.PostsRepositoryTest
16:09:12.176 [Test worker] DEBUG org.springframework.boot.test.context.SpringBootTestContextBootstrapper - @TestExecutionListeners is not present for class [com.firstProject.springBoot.web.domain.posts.PostsRepositoryTest]: using defaults.
16:09:12.177 [Test worker] INFO org.springframework.boot.test.context.SpringBootTestContextBootstrapper - Loaded default TestExecutionListener class names from location [META-INF/spring.factories]: [org.springframework.security.test.context.support.WithSecurityContextTestExecutionListener, org.springframework.security.test.context.support.ReactorContextTestExecutionListener, org.springframework.boot.test.autoconfigure.restdocs.RestDocsTestExecutionListener, org.springframework.boot.test.autoconfigure.web.client.MockRestServiceServerResetTestExecutionListener, org.springframework.boot.test.autoconfigure.web.servlet.MockMvcPrintOnlyOnFailureTestExecutionListener, org.springframework.boot.test.autoconfigure.web.servlet.WebDriverTestExecutionListener, org.springframework.boot.test.mock.mockito.MockitoTestExecutionListener, org.springframework.boot.test.mock.mockito.ResetMocksTestExecutionListener, org.springframework.test.context.web.ServletTestExecutionListener, org.springframework.test.context.support.DirtiesContextBeforeModesTestExecutionListener, org.springframework.test.context.support.DependencyInjectionTestExecutionListener, org.springframework.test.context.support.DirtiesContextTestExecutionListener, org.springframework.test.context.transaction.TransactionalTestExecutionListener, org.springframework.test.context.jdbc.SqlScriptsTestExecutionListener]
16:09:12.206 [Test worker] INFO org.springframework.boot.test.context.SpringBootTestContextBootstrapper - Using TestExecutionListeners: [org.springframework.test.context.web.ServletTestExecutionListener@65f76bc8, org.springframework.test.context.support.DirtiesContextBeforeModesTestExecutionListener@75c538be, org.springframework.boot.test.mock.mockito.MockitoTestExecutionListener@2a68a0cf, org.springframework.boot.test.autoconfigure.SpringBootDependencyInjectionTestExecutionListener@3d812618, org.springframework.test.context.support.DirtiesContextTestExecutionListener@63f6b34b, org.springframework.test.context.transaction.TransactionalTestExecutionListener@3f2a7743, org.springframework.test.context.jdbc.SqlScriptsTestExecutionListener@50abd6b1, org.springframework.security.test.context.support.WithSecurityContextTestExecutionListener@64ae8b5a, org.springframework.security.test.context.support.ReactorContextTestExecutionListener@3214106f, org.springframework.boot.test.autoconfigure.restdocs.RestDocsTestExecutionListener@5e68e901, org.springframework.boot.test.autoconfigure.web.client.MockRestServiceServerResetTestExecutionListener@5078b223, org.springframework.boot.test.autoconfigure.web.servlet.MockMvcPrintOnlyOnFailureTestExecutionListener@401c072d, org.springframework.boot.test.autoconfigure.web.servlet.WebDriverTestExecutionListener@5219f029, org.springframework.boot.test.mock.mockito.ResetMocksTestExecutionListener@4ba02b8a]
16:09:12.210 [Test worker] DEBUG org.springframework.test.annotation.ProfileValueUtils - Retrieved @ProfileValueSourceConfiguration [null] for test class [com.firstProject.springBoot.web.domain.posts.PostsRepositoryTest]
16:09:12.210 [Test worker] DEBUG org.springframework.test.annotation.ProfileValueUtils - Retrieved ProfileValueSource type [class org.springframework.test.annotation.SystemProfileValueSource] for class [com.firstProject.springBoot.web.domain.posts.PostsRepositoryTest]
16:09:12.212 [Test worker] DEBUG org.springframework.test.annotation.ProfileValueUtils - Retrieved @ProfileValueSourceConfiguration [null] for test class [com.firstProject.springBoot.web.domain.posts.PostsRepositoryTest]
16:09:12.212 [Test worker] DEBUG org.springframework.test.annotation.ProfileValueUtils - Retrieved ProfileValueSource type [class org.springframework.test.annotation.SystemProfileValueSource] for class [com.firstProject.springBoot.web.domain.posts.PostsRepositoryTest]
16:09:12.213 [Test worker] DEBUG org.springframework.test.annotation.ProfileValueUtils - Retrieved @ProfileValueSourceConfiguration [null] for test class [com.firstProject.springBoot.web.domain.posts.PostsRepositoryTest]
16:09:12.213 [Test worker] DEBUG org.springframework.test.annotation.ProfileValueUtils - Retrieved ProfileValueSource type [class org.springframework.test.annotation.SystemProfileValueSource] for class [com.firstProject.springBoot.web.domain.posts.PostsRepositoryTest]
16:09:12.218 [Test worker] DEBUG org.springframework.test.context.support.AbstractDirtiesContextTestExecutionListener - Before test class: context [DefaultTestContext@69cf0b7d testClass = PostsRepositoryTest, testInstance = [null], testMethod = [null], testException = [null], mergedContextConfiguration = [WebMergedContextConfiguration@13888c99 testClass = PostsRepositoryTest, locations = '{}', classes = '{class com.firstProject.springBoot.Application}', contextInitializerClasses = '[]', activeProfiles = '{}', propertySourceLocations = '{}', propertySourceProperties = '{org.springframework.boot.test.context.SpringBootTestContextBootstrapper=true}', contextCustomizers = set[org.springframework.boot.test.autoconfigure.properties.PropertyMappingContextCustomizer@0, org.springframework.boot.test.autoconfigure.web.servlet.WebDriverContextCustomizerFactory$Customizer@290216b6, org.springframework.boot.test.context.filter.ExcludeFilterContextCustomizer@57a88903, org.springframework.boot.test.json.DuplicateJsonObjectContextCustomizerFactory$DuplicateJsonObjectContextCustomizer@2d01bf8b, org.springframework.boot.test.mock.mockito.MockitoContextCustomizer@0, org.springframework.boot.test.web.client.TestRestTemplateContextCustomizer@51735d8c], resourceBasePath = 'src/main/webapp', contextLoader = 'org.springframework.boot.test.context.SpringBootContextLoader', parent = [null]], attributes = map['org.springframework.test.context.web.ServletTestExecutionListener.activateListener' -> true]], class annotated with @DirtiesContext [false] with mode [null].
16:09:12.219 [Test worker] DEBUG org.springframework.test.annotation.ProfileValueUtils - Retrieved @ProfileValueSourceConfiguration [null] for test class [com.firstProject.springBoot.web.domain.posts.PostsRepositoryTest]
16:09:12.219 [Test worker] DEBUG org.springframework.test.annotation.ProfileValueUtils - Retrieved ProfileValueSource type [class org.springframework.test.annotation.SystemProfileValueSource] for class [com.firstProject.springBoot.web.domain.posts.PostsRepositoryTest]
16:09:12.242 [Test worker] DEBUG org.springframework.test.context.support.TestPropertySourceUtils - Adding inlined properties to environment: {spring.jmx.enabled=false, org.springframework.boot.test.context.SpringBootTestContextBootstrapper=true, server.port=-1}

  .   ____          _            __ _ _
 /\\ / ___'_ __ _ _(_)_ __  __ _ \ \ \ \
( ( )\___ | '_ | '_| | '_ \/ _` | \ \ \ \
 \\/  ___)| |_)| | | | | || (_| |  ) ) ) )
  '  |____| .__|_| |_|_| |_\__, | / / / /
 =========|_|==============|___/=/_/_/_/
 :: Spring Boot ::        (v2.1.9.RELEASE)

2020-09-01 16:09:12.513  INFO 12452 --- [    Test worker] c.f.s.w.d.posts.PostsRepositoryTest      : Starting PostsRepositoryTest on DESKTOP-3DIF6JH with PID 12452 (started by z7942 in C:\Users\z7942\IdeaProjects\myFirstProjecy)
2020-09-01 16:09:12.514  INFO 12452 --- [    Test worker] c.f.s.w.d.posts.PostsRepositoryTest      : No active profile set, falling back to default profiles: default
2020-09-01 16:09:13.435  INFO 12452 --- [    Test worker] .s.d.r.c.RepositoryConfigurationDelegate : Bootstrapping Spring Data repositories in DEFAULT mode.
2020-09-01 16:09:13.541  INFO 12452 --- [    Test worker] .s.d.r.c.RepositoryConfigurationDelegate : Finished Spring Data repository scanning in 94ms. Found 2 repository interfaces.
2020-09-01 16:09:14.076  INFO 12452 --- [    Test worker] trationDelegate$BeanPostProcessorChecker : Bean 'org.springframework.transaction.annotation.ProxyTransactionManagementConfiguration' of type [org.springframework.transaction.annotation.ProxyTransactionManagementConfiguration$$EnhancerBySpringCGLIB$$d8d75082] is not eligible for getting processed by all BeanPostProcessors (for example: not eligible for auto-proxying)
2020-09-01 16:09:14.325  INFO 12452 --- [    Test worker] com.zaxxer.hikari.HikariDataSource       : HikariPool-1 - Starting...
2020-09-01 16:09:14.526  INFO 12452 --- [    Test worker] com.zaxxer.hikari.HikariDataSource       : HikariPool-1 - Start completed.
2020-09-01 16:09:14.631  INFO 12452 --- [    Test worker] o.hibernate.jpa.internal.util.LogHelper  : HHH000204: Processing PersistenceUnitInfo [
	name: default
	...]
2020-09-01 16:09:14.745  INFO 12452 --- [    Test worker] org.hibernate.Version                    : HHH000412: Hibernate Core {5.3.12.Final}
2020-09-01 16:09:14.748  INFO 12452 --- [    Test worker] org.hibernate.cfg.Environment            : HHH000206: hibernate.properties not found
2020-09-01 16:09:14.986  INFO 12452 --- [    Test worker] o.hibernate.annotations.common.Version   : HCANN000001: Hibernate Commons Annotations {5.0.4.Final}
2020-09-01 16:09:15.224  INFO 12452 --- [    Test worker] org.hibernate.dialect.Dialect            : HHH000400: Using dialect: org.hibernate.dialect.MySQL5InnoDBDialect
Hibernate: drop table if exists posts
Hibernate: drop table if exists user
Hibernate: create table posts (id bigint not null auto_increment, created_date datetime, modified_date datetime, author varchar(255), content TEXT not null, title varchar(500) not null, primary key (id)) engine=InnoDB
Hibernate: create table user (id bigint not null auto_increment, created_date datetime, modified_date datetime, email varchar(255) not null, name varchar(255) not null, picture varchar(255), role varchar(255) not null, primary key (id)) engine=InnoDB
2020-09-01 16:09:16.173  INFO 12452 --- [    Test worker] o.h.t.schema.internal.SchemaCreatorImpl  : HHH000476: Executing import script 'org.hibernate.tool.schema.internal.exec.ScriptSourceInputNonExistentImpl@5b2312a1'
2020-09-01 16:09:16.179  INFO 12452 --- [    Test worker] j.LocalContainerEntityManagerFactoryBean : Initialized JPA EntityManagerFactory for persistence unit 'default'
2020-09-01 16:09:16.799  INFO 12452 --- [    Test worker] o.h.h.i.QueryTranslatorFactoryInitiator  : HHH000397: Using ASTQueryTranslatorFactory
2020-09-01 16:09:17.474  INFO 12452 --- [    Test worker] o.s.s.web.DefaultSecurityFilterChain     : Creating filter chain: any request, [org.springframework.security.web.context.request.async.WebAsyncManagerIntegrationFilter@44507286, org.springframework.security.web.context.SecurityContextPersistenceFilter@1d05d9c3, org.springframework.security.web.header.HeaderWriterFilter@406299de, org.springframework.security.web.authentication.logout.LogoutFilter@7e15bcfa, org.springframework.security.oauth2.client.web.OAuth2AuthorizationRequestRedirectFilter@a3f3dd7, org.springframework.security.oauth2.client.web.OAuth2LoginAuthenticationFilter@78eb8423, org.springframework.security.web.authentication.ui.DefaultLoginPageGeneratingFilter@40635dad, org.springframework.security.web.authentication.ui.DefaultLogoutPageGeneratingFilter@14387372, org.springframework.security.web.savedrequest.RequestCacheAwareFilter@68ac6c4b, org.springframework.security.web.servletapi.SecurityContextHolderAwareRequestFilter@75e53ef0, org.springframework.security.web.authentication.AnonymousAuthenticationFilter@2738772, org.springframework.security.web.session.SessionManagementFilter@2df98d01, org.springframework.security.web.access.ExceptionTranslationFilter@77dc446c, org.springframework.security.web.access.intercept.FilterSecurityInterceptor@ae03083]
2020-09-01 16:09:18.262  INFO 12452 --- [    Test worker] o.s.s.concurrent.ThreadPoolTaskExecutor  : Initializing ExecutorService 'applicationTaskExecutor'
2020-09-01 16:09:18.333  WARN 12452 --- [    Test worker] aWebConfiguration$JpaWebMvcConfiguration : spring.jpa.open-in-view is enabled by default. Therefore, database queries may be performed during view rendering. Explicitly configure spring.jpa.open-in-view to disable this warning
2020-09-01 16:09:18.398  INFO 12452 --- [    Test worker] o.s.b.a.w.s.WelcomePageHandlerMapping    : Adding welcome page template: index
2020-09-01 16:09:19.120  INFO 12452 --- [    Test worker] s.a.ScheduledAnnotationBeanPostProcessor : No TaskScheduler/ScheduledExecutorService bean found for scheduled processing
2020-09-01 16:09:19.131  INFO 12452 --- [    Test worker] c.f.s.w.d.posts.PostsRepositoryTest      : Started PostsRepositoryTest in 6.879 seconds (JVM running for 8.586)
Hibernate: insert into posts (created_date, modified_date, author, content, title) values (?, ?, ?, ?, ?)
Hibernate: select posts0_.id as id1_0_, posts0_.created_date as created_2_0_, posts0_.modified_date as modified3_0_, posts0_.author as author4_0_, posts0_.content as content5_0_, posts0_.title as title6_0_ from posts posts0_
Hibernate: select posts0_.id as id1_0_, posts0_.created_date as created_2_0_, posts0_.modified_date as modified3_0_, posts0_.author as author4_0_, posts0_.content as content5_0_, posts0_.title as title6_0_ from posts posts0_
Hibernate: delete from posts where id=?
Hibernate: insert into posts (created_date, modified_date, author, content, title) values (?, ?, ?, ?, ?)
Hibernate: select posts0_.id as id1_0_, posts0_.created_date as created_2_0_, posts0_.modified_date as modified3_0_, posts0_.author as author4_0_, posts0_.content as content5_0_, posts0_.title as title6_0_ from posts posts0_
>>>>>>>>>> create = 2020-09-01T16:09:19.510, modifiedDate = 2020-09-01T16:09:19.510
Hibernate: select posts0_.id as id1_0_, posts0_.created_date as created_2_0_, posts0_.modified_date as modified3_0_, posts0_.author as author4_0_, posts0_.content as content5_0_, posts0_.title as title6_0_ from posts posts0_
Hibernate: delete from posts where id=?
]]></system-out>
  <system-err><![CDATA[]]></system-err>
</testsuite>
