<?xml version="1.0" encoding="UTF-8"?>
<testsuite name="com.firstProject.springBoot.web.PostsApiControllerTest" tests="2" skipped="0" failures="0" errors="0" timestamp="2020-07-14T09:38:44" hostname="DESKTOP-3DIF6JH" time="0.085">
  <properties/>
  <testcase name="Posts_등록된다" classname="com.firstProject.springBoot.web.PostsApiControllerTest" time="0.06"/>
  <testcase name="Posts_수정된다" classname="com.firstProject.springBoot.web.PostsApiControllerTest" time="0.024"/>
  <system-out><![CDATA[2020-07-14 18:38:44.830  INFO 19536 --- [    Test worker] .b.t.c.SpringBootTestContextBootstrapper : Neither @ContextConfiguration nor @ContextHierarchy found for test class [com.firstProject.springBoot.web.PostsApiControllerTest], using SpringBootContextLoader
2020-07-14 18:38:44.831  INFO 19536 --- [    Test worker] o.s.t.c.support.AbstractContextLoader    : Could not detect default resource locations for test class [com.firstProject.springBoot.web.PostsApiControllerTest]: no resource found for suffixes {-context.xml, Context.groovy}.
2020-07-14 18:38:44.831  INFO 19536 --- [    Test worker] t.c.s.AnnotationConfigContextLoaderUtils : Could not detect default configuration classes for test class [com.firstProject.springBoot.web.PostsApiControllerTest]: PostsApiControllerTest does not declare any static, non-private, non-final, nested classes annotated with @Configuration.
2020-07-14 18:38:44.832  INFO 19536 --- [    Test worker] .b.t.c.SpringBootTestContextBootstrapper : Found @SpringBootConfiguration com.firstProject.springBoot.Application for test class com.firstProject.springBoot.web.PostsApiControllerTest
2020-07-14 18:38:44.834  INFO 19536 --- [    Test worker] .b.t.c.SpringBootTestContextBootstrapper : Loaded default TestExecutionListener class names from location [META-INF/spring.factories]: [org.springframework.security.test.context.support.WithSecurityContextTestExecutionListener, org.springframework.security.test.context.support.ReactorContextTestExecutionListener, org.springframework.boot.test.autoconfigure.restdocs.RestDocsTestExecutionListener, org.springframework.boot.test.autoconfigure.web.client.MockRestServiceServerResetTestExecutionListener, org.springframework.boot.test.autoconfigure.web.servlet.MockMvcPrintOnlyOnFailureTestExecutionListener, org.springframework.boot.test.autoconfigure.web.servlet.WebDriverTestExecutionListener, org.springframework.boot.test.mock.mockito.MockitoTestExecutionListener, org.springframework.boot.test.mock.mockito.ResetMocksTestExecutionListener, org.springframework.test.context.web.ServletTestExecutionListener, org.springframework.test.context.support.DirtiesContextBeforeModesTestExecutionListener, org.springframework.test.context.support.DependencyInjectionTestExecutionListener, org.springframework.test.context.support.DirtiesContextTestExecutionListener, org.springframework.test.context.transaction.TransactionalTestExecutionListener, org.springframework.test.context.jdbc.SqlScriptsTestExecutionListener]
2020-07-14 18:38:44.835  INFO 19536 --- [    Test worker] .b.t.c.SpringBootTestContextBootstrapper : Using TestExecutionListeners: [org.springframework.test.context.web.ServletTestExecutionListener@6f7534b, org.springframework.test.context.support.DirtiesContextBeforeModesTestExecutionListener@28221d3c, org.springframework.boot.test.mock.mockito.MockitoTestExecutionListener@1a55de7d, org.springframework.boot.test.autoconfigure.SpringBootDependencyInjectionTestExecutionListener@35e318e2, org.springframework.test.context.support.DirtiesContextTestExecutionListener@932681e, org.springframework.test.context.transaction.TransactionalTestExecutionListener@31415ff9, org.springframework.test.context.jdbc.SqlScriptsTestExecutionListener@5d3d99a, org.springframework.security.test.context.support.WithSecurityContextTestExecutionListener@285ae5ca, org.springframework.security.test.context.support.ReactorContextTestExecutionListener@32b20a47, org.springframework.boot.test.autoconfigure.restdocs.RestDocsTestExecutionListener@9b7357f, org.springframework.boot.test.autoconfigure.web.client.MockRestServiceServerResetTestExecutionListener@12b322da, org.springframework.boot.test.autoconfigure.web.servlet.MockMvcPrintOnlyOnFailureTestExecutionListener@6d38e1f3, org.springframework.boot.test.autoconfigure.web.servlet.WebDriverTestExecutionListener@4ffa2e21, org.springframework.boot.test.mock.mockito.ResetMocksTestExecutionListener@7f56e66c]
2020-07-14 18:38:44.844  INFO 19536 --- [    Test worker] o.a.c.c.C.[Tomcat].[localhost].[/]       : Initializing Spring TestDispatcherServlet ''
2020-07-14 18:38:44.844  INFO 19536 --- [    Test worker] o.s.t.web.servlet.TestDispatcherServlet  : Initializing Servlet ''
2020-07-14 18:38:44.847  INFO 19536 --- [    Test worker] o.s.t.web.servlet.TestDispatcherServlet  : Completed initialization in 2 ms
Hibernate: insert into posts (created_date, modified_date, author, content, title) values (?, ?, ?, ?, ?)
Hibernate: select posts0_.id as id1_0_, posts0_.created_date as created_2_0_, posts0_.modified_date as modified3_0_, posts0_.author as author4_0_, posts0_.content as content5_0_, posts0_.title as title6_0_ from posts posts0_
Hibernate: select posts0_.id as id1_0_, posts0_.created_date as created_2_0_, posts0_.modified_date as modified3_0_, posts0_.author as author4_0_, posts0_.content as content5_0_, posts0_.title as title6_0_ from posts posts0_
Hibernate: delete from posts where id=?
2020-07-14 18:38:44.901  INFO 19536 --- [    Test worker] o.a.c.c.C.[Tomcat].[localhost].[/]       : Initializing Spring TestDispatcherServlet ''
2020-07-14 18:38:44.901  INFO 19536 --- [    Test worker] o.s.t.web.servlet.TestDispatcherServlet  : Initializing Servlet ''
2020-07-14 18:38:44.903  INFO 19536 --- [    Test worker] o.s.t.web.servlet.TestDispatcherServlet  : Completed initialization in 2 ms
Hibernate: insert into posts (created_date, modified_date, author, content, title) values (?, ?, ?, ?, ?)
Hibernate: select posts0_.id as id1_0_0_, posts0_.created_date as created_2_0_0_, posts0_.modified_date as modified3_0_0_, posts0_.author as author4_0_0_, posts0_.content as content5_0_0_, posts0_.title as title6_0_0_ from posts posts0_ where posts0_.id=?
Hibernate: update posts set created_date=?, modified_date=?, author=?, content=?, title=? where id=?
Hibernate: select posts0_.id as id1_0_, posts0_.created_date as created_2_0_, posts0_.modified_date as modified3_0_, posts0_.author as author4_0_, posts0_.content as content5_0_, posts0_.title as title6_0_ from posts posts0_
Hibernate: select posts0_.id as id1_0_, posts0_.created_date as created_2_0_, posts0_.modified_date as modified3_0_, posts0_.author as author4_0_, posts0_.content as content5_0_, posts0_.title as title6_0_ from posts posts0_
Hibernate: delete from posts where id=?
]]></system-out>
  <system-err><![CDATA[]]></system-err>
</testsuite>
